<?xml version="1.0" encoding="UTF-8"?>
<testsuite xmlns:xsi="http://www.w3.org/2001/XMLSchema-instance" xsi:noNamespaceSchemaLocation="https://maven.apache.org/surefire/maven-surefire-plugin/xsd/surefire-test-report.xsd" version="3.0.2" name="com.minimarket.security.SecurityRbacIntegrationTest" time="2.517" tests="47" errors="0" skipped="0" failures="0">
  <properties>
[...]
</properties>
  <testcase name="enforcesRoleBasedAccess(RbacScenario)[1]" classname="com.minimarket.security.SecurityRbacIntegrationTest" time="0.127">
    <system-out><![CDATA[2026-06-19T03:49:25.916-04:00  INFO 53032 --- [           main] t.c.s.AnnotationConfigContextLoaderUtils : Could not detect default configuration classes for test class [com.minimarket.security.SecurityRbacIntegrationTest]: SecurityRbacIntegrationTest does not declare any static, non-private, non-final, nested classes annotated with @Configuration.
2026-06-19T03:49:25.919-04:00  INFO 53032 --- [           main] .b.t.c.SpringBootTestContextBootstrapper : Found @SpringBootConfiguration com.minimarket.MinimarketApplication for test class com.minimarket.security.SecurityRbacIntegrationTest
]]></system-out>
  </testcase>
  <testcase name="enforcesRoleBasedAccess(RbacScenario)[2]" classname="com.minimarket.security.SecurityRbacIntegrationTest" time="0.145"/>
  <testcase name="enforcesRoleBasedAccess(RbacScenario)[3]" classname="com.minimarket.security.SecurityRbacIntegrationTest" time="0.011">
    <system-out><![CDATA[2026-06-19T03:49:26.900-04:00  WARN 53032 --- [           main] c.m.security.audit.SecurityAuditHandler  : Intento de acceso no autenticado - IP: 127.0.0.1, URI: /api/productos
]]></system-out>
  </testcase>
  <testcase name="enforcesRoleBasedAccess(RbacScenario)[4]" classname="com.minimarket.security.SecurityRbacIntegrationTest" time="0.022">
    <system-out><![CDATA[2026-06-19T03:49:26.919-04:00  WARN 53032 --- [           main] c.m.security.audit.SecurityAuditHandler  : Acceso denegado - usuario: cliente, IP: 127.0.0.1, URI: /api/productos
]]></system-out>
  </testcase>
  <testcase name="enforcesRoleBasedAccess(RbacScenario)[5]" classname="com.minimarket.security.SecurityRbacIntegrationTest" time="0.111">
    <system-out><![CDATA[2026-06-19T03:49:27.022-04:00  WARN 53032 --- [           main] c.m.security.audit.SecurityAuditHandler  : Acceso denegado - usuario: empleado, IP: 127.0.0.1, URI: /api/productos
]]></system-out>
  </testcase>
  <testcase name="enforcesRoleBasedAccess(RbacScenario)[6]" classname="com.minimarket.security.SecurityRbacIntegrationTest" time="0.042">
    <system-out><![CDATA[2026-06-19T03:49:27.075-04:00  WARN 53032 --- [           main] c.m.exception.GlobalExceptionHandler     : Solicitud inválida: Producto sin categoría
]]></system-out>
  </testcase>
  <testcase name="enforcesRoleBasedAccess(RbacScenario)[7]" classname="com.minimarket.security.SecurityRbacIntegrationTest" time="0.048">
    <system-out><![CDATA[2026-06-19T03:49:27.118-04:00  WARN 53032 --- [           main] c.m.exception.GlobalExceptionHandler     : Solicitud inválida: Producto sin categoría
]]></system-out>
  </testcase>
  <testcase name="enforcesRoleBasedAccess(RbacScenario)[8]" classname="com.minimarket.security.SecurityRbacIntegrationTest" time="0.031"/>
  <testcase name="enforcesRoleBasedAccess(RbacScenario)[9]" classname="com.minimarket.security.SecurityRbacIntegrationTest" time="0.016">
    <system-out><![CDATA[2026-06-19T03:49:27.178-04:00  WARN 53032 --- [           main] c.m.security.audit.SecurityAuditHandler  : Intento de acceso no autenticado - IP: 127.0.0.1, URI: /api/categorias
]]></system-out>
  </testcase>
  <testcase name="enforcesRoleBasedAccess(RbacScenario)[10]" classname="com.minimarket.security.SecurityRbacIntegrationTest" time="0.068">
    <system-out><![CDATA[2026-06-19T03:49:27.246-04:00  WARN 53032 --- [           main] c.m.security.audit.SecurityAuditHandler  : Acceso denegado - usuario: cliente, IP: 127.0.0.1, URI: /api/categorias
]]></system-out>
  </testcase>
  <testcase name="enforcesRoleBasedAccess(RbacScenario)[11]" classname="com.minimarket.security.SecurityRbacIntegrationTest" time="0.067">
    <system-out><![CDATA[2026-06-19T03:49:27.288-04:00  WARN 53032 --- [           main] o.h.engine.jdbc.spi.SqlExceptionHelper   : SQL Error: 23502, SQLState: 23502
2026-06-19T03:49:27.289-04:00 ERROR 53032 --- [           main] o.h.engine.jdbc.spi.SqlExceptionHelper   : La columna "NOMBRE" no permite valores nulos (NULL)
NULL not allowed for column "NOMBRE"; SQL statement:
insert into categoria (nombre,id) values (?,default) [23502-232]
2026-06-19T03:49:27.318-04:00  WARN 53032 --- [           main] c.m.exception.GlobalExceptionHandler     : Violación de integridad de datos: could not execute statement [La columna "NOMBRE" no permite valores nulos (NULL)
NULL not allowed for column "NOMBRE"; SQL statement:
insert into categoria (nombre,id) values (?,default) [23502-232]] [insert into categoria (nombre,id) values (?,default)]; SQL [insert into categoria (nombre,id) values (?,default)]; constraint [null]
]]></system-out>
  </testcase>
  <testcase name="enforcesRoleBasedAccess(RbacScenario)[12]" classname="com.minimarket.security.SecurityRbacIntegrationTest" time="0.013">
    <system-out><![CDATA[2026-06-19T03:49:27.333-04:00  WARN 53032 --- [           main] c.m.security.audit.SecurityAuditHandler  : Intento de acceso no autenticado - IP: 127.0.0.1, URI: /api/carrito
]]></system-out>
  </testcase>
  <testcase name="enforcesRoleBasedAccess(RbacScenario)[13]" classname="com.minimarket.security.SecurityRbacIntegrationTest" time="0.033"/>
  <testcase name="enforcesRoleBasedAccess(RbacScenario)[14]" classname="com.minimarket.security.SecurityRbacIntegrationTest" time="0.019">
    <system-out><![CDATA[2026-06-19T03:49:27.388-04:00  WARN 53032 --- [           main] c.m.security.audit.SecurityAuditHandler  : Acceso denegado - usuario: empleado, IP: 127.0.0.1, URI: /api/carrito
]]></system-out>
  </testcase>
  <testcase name="enforcesRoleBasedAccess(RbacScenario)[15]" classname="com.minimarket.security.SecurityRbacIntegrationTest" time="0.016">
    <system-out><![CDATA[2026-06-19T03:49:27.405-04:00  WARN 53032 --- [           main] c.m.security.audit.SecurityAuditHandler  : Acceso denegado - usuario: gerente, IP: 127.0.0.1, URI: /api/carrito
]]></system-out>
  </testcase>
  <testcase name="enforcesRoleBasedAccess(RbacScenario)[16]" classname="com.minimarket.security.SecurityRbacIntegrationTest" time="0.025"/>
  <testcase name="enforcesRoleBasedAccess(RbacScenario)[17]" classname="com.minimarket.security.SecurityRbacIntegrationTest" time="0.036">
    <system-out><![CDATA[2026-06-19T03:49:27.451-04:00  WARN 53032 --- [           main] c.m.security.audit.SecurityAuditHandler  : Intento de acceso no autenticado - IP: 127.0.0.1, URI: /api/inventario
]]></system-out>
  </testcase>
  <testcase name="enforcesRoleBasedAccess(RbacScenario)[18]" classname="com.minimarket.security.SecurityRbacIntegrationTest" time="0.052">
    <system-out><![CDATA[2026-06-19T03:49:27.499-04:00  WARN 53032 --- [           main] c.m.security.audit.SecurityAuditHandler  : Acceso denegado - usuario: cliente, IP: 127.0.0.1, URI: /api/inventario
]]></system-out>
  </testcase>
  <testcase name="enforcesRoleBasedAccess(RbacScenario)[19]" classname="com.minimarket.security.SecurityRbacIntegrationTest" time="0.022"/>
  <testcase name="enforcesRoleBasedAccess(RbacScenario)[20]" classname="com.minimarket.security.SecurityRbacIntegrationTest" time="0.017"/>
  <testcase name="enforcesRoleBasedAccess(RbacScenario)[21]" classname="com.minimarket.security.SecurityRbacIntegrationTest" time="0.009">
    <system-out><![CDATA[2026-06-19T03:49:27.579-04:00  WARN 53032 --- [           main] c.m.security.audit.SecurityAuditHandler  : Intento de acceso no autenticado - IP: 127.0.0.1, URI: /api/inventario
]]></system-out>
  </testcase>
  <testcase name="enforcesRoleBasedAccess(RbacScenario)[22]" classname="com.minimarket.security.SecurityRbacIntegrationTest" time="0.014">
    <system-out><![CDATA[2026-06-19T03:49:27.593-04:00  WARN 53032 --- [           main] c.m.security.audit.SecurityAuditHandler  : Acceso denegado - usuario: cliente, IP: 127.0.0.1, URI: /api/inventario
]]></system-out>
  </testcase>
  <testcase name="enforcesRoleBasedAccess(RbacScenario)[23]" classname="com.minimarket.security.SecurityRbacIntegrationTest" time="0.017">
    <system-out><![CDATA[2026-06-19T03:49:27.608-04:00  WARN 53032 --- [           main] c.m.security.audit.SecurityAuditHandler  : Acceso denegado - usuario: empleado, IP: 127.0.0.1, URI: /api/inventario
]]></system-out>
  </testcase>
  <testcase name="enforcesRoleBasedAccess(RbacScenario)[24]" classname="com.minimarket.security.SecurityRbacIntegrationTest" time="0.033">
    <system-out><![CDATA[2026-06-19T03:49:27.642-04:00  WARN 53032 --- [           main] c.m.exception.GlobalExceptionHandler     : Solicitud inválida: El tipo de movimiento no puede ser nulo o vacío
]]></system-out>
  </testcase>
  <testcase name="enforcesRoleBasedAccess(RbacScenario)[25]" classname="com.minimarket.security.SecurityRbacIntegrationTest" time="0.011">
    <system-out><![CDATA[2026-06-19T03:49:27.656-04:00  WARN 53032 --- [           main] c.m.security.audit.SecurityAuditHandler  : Intento de acceso no autenticado - IP: 127.0.0.1, URI: /api/inventario/999
]]></system-out>
  </testcase>
  <testcase name="enforcesRoleBasedAccess(RbacScenario)[26]" classname="com.minimarket.security.SecurityRbacIntegrationTest" time="0.019">
    <system-out><![CDATA[2026-06-19T03:49:27.676-04:00  WARN 53032 --- [           main] c.m.security.audit.SecurityAuditHandler  : Acceso denegado - usuario: cliente, IP: 127.0.0.1, URI: /api/inventario/999
]]></system-out>
  </testcase>
  <testcase name="enforcesRoleBasedAccess(RbacScenario)[27]" classname="com.minimarket.security.SecurityRbacIntegrationTest" time="0.084">
    <system-out><![CDATA[2026-06-19T03:49:27.763-04:00  WARN 53032 --- [           main] c.m.security.audit.SecurityAuditHandler  : Acceso denegado - usuario: empleado, IP: 127.0.0.1, URI: /api/inventario/999
]]></system-out>
  </testcase>
  <testcase name="enforcesRoleBasedAccess(RbacScenario)[28]" classname="com.minimarket.security.SecurityRbacIntegrationTest" time="0.043"/>
  <testcase name="enforcesRoleBasedAccess(RbacScenario)[29]" classname="com.minimarket.security.SecurityRbacIntegrationTest" time="0.011">
    <system-out><![CDATA[2026-06-19T03:49:27.821-04:00  WARN 53032 --- [           main] c.m.security.audit.SecurityAuditHandler  : Intento de acceso no autenticado - IP: 127.0.0.1, URI: /api/inventario/999
]]></system-out>
  </testcase>
  <testcase name="enforcesRoleBasedAccess(RbacScenario)[30]" classname="com.minimarket.security.SecurityRbacIntegrationTest" time="0.017">
    <system-out><![CDATA[2026-06-19T03:49:27.839-04:00  WARN 53032 --- [           main] c.m.security.audit.SecurityAuditHandler  : Acceso denegado - usuario: cliente, IP: 127.0.0.1, URI: /api/inventario/999
]]></system-out>
  </testcase>
  <testcase name="enforcesRoleBasedAccess(RbacScenario)[31]" classname="com.minimarket.security.SecurityRbacIntegrationTest" time="0.023">
    <system-out><![CDATA[2026-06-19T03:49:27.860-04:00  WARN 53032 --- [           main] c.m.security.audit.SecurityAuditHandler  : Acceso denegado - usuario: empleado, IP: 127.0.0.1, URI: /api/inventario/999
]]></system-out>
  </testcase>
  <testcase name="enforcesRoleBasedAccess(RbacScenario)[32]" classname="com.minimarket.security.SecurityRbacIntegrationTest" time="0.03"/>
  <testcase name="enforcesRoleBasedAccess(RbacScenario)[33]" classname="com.minimarket.security.SecurityRbacIntegrationTest" time="0.015">
    <system-out><![CDATA[2026-06-19T03:49:27.911-04:00  WARN 53032 --- [           main] c.m.security.audit.SecurityAuditHandler  : Intento de acceso no autenticado - IP: 127.0.0.1, URI: /api/ventas
]]></system-out>
  </testcase>
  <testcase name="enforcesRoleBasedAccess(RbacScenario)[34]" classname="com.minimarket.security.SecurityRbacIntegrationTest" time="0.018">
    <system-out><![CDATA[2026-06-19T03:49:27.932-04:00  WARN 53032 --- [           main] c.m.security.audit.SecurityAuditHandler  : Acceso denegado - usuario: cliente, IP: 127.0.0.1, URI: /api/ventas
]]></system-out>
  </testcase>
  <testcase name="enforcesRoleBasedAccess(RbacScenario)[35]" classname="com.minimarket.security.SecurityRbacIntegrationTest" time="0.113"/>
  <testcase name="enforcesRoleBasedAccess(RbacScenario)[36]" classname="com.minimarket.security.SecurityRbacIntegrationTest" time="0.023"/>
  <testcase name="enforcesRoleBasedAccess(RbacScenario)[37]" classname="com.minimarket.security.SecurityRbacIntegrationTest" time="0.01">
    <system-out><![CDATA[2026-06-19T03:49:28.085-04:00  WARN 53032 --- [           main] c.m.security.audit.SecurityAuditHandler  : Intento de acceso no autenticado - IP: 127.0.0.1, URI: /api/ventas
]]></system-out>
  </testcase>
  <testcase name="enforcesRoleBasedAccess(RbacScenario)[38]" classname="com.minimarket.security.SecurityRbacIntegrationTest" time="0.018">
    <system-out><![CDATA[2026-06-19T03:49:28.104-04:00  WARN 53032 --- [           main] c.m.security.audit.SecurityAuditHandler  : Acceso denegado - usuario: cliente, IP: 127.0.0.1, URI: /api/ventas
]]></system-out>
  </testcase>
  <testcase name="enforcesRoleBasedAccess(RbacScenario)[39]" classname="com.minimarket.security.SecurityRbacIntegrationTest" time="0.041">
    <system-out><![CDATA[2026-06-19T03:49:28.140-04:00  WARN 53032 --- [           main] o.h.engine.jdbc.spi.SqlExceptionHelper   : SQL Error: 23502, SQLState: 23502
2026-06-19T03:49:28.140-04:00 ERROR 53032 --- [           main] o.h.engine.jdbc.spi.SqlExceptionHelper   : La columna "FECHA" no permite valores nulos (NULL)
NULL not allowed for column "FECHA"; SQL statement:
insert into venta (fecha,usuario_id,id) values (?,?,default) [23502-232]
2026-06-19T03:49:28.143-04:00  WARN 53032 --- [           main] c.m.exception.GlobalExceptionHandler     : Violación de integridad de datos: could not execute statement [La columna "FECHA" no permite valores nulos (NULL)
NULL not allowed for column "FECHA"; SQL statement:
insert into venta (fecha,usuario_id,id) values (?,?,default) [23502-232]] [insert into venta (fecha,usuario_id,id) values (?,?,default)]; SQL [insert into venta (fecha,usuario_id,id) values (?,?,default)]; constraint [null]
]]></system-out>
  </testcase>
  <testcase name="enforcesRoleBasedAccess(RbacScenario)[40]" classname="com.minimarket.security.SecurityRbacIntegrationTest" time="0.022">
    <system-out><![CDATA[2026-06-19T03:49:28.166-04:00  WARN 53032 --- [           main] o.h.engine.jdbc.spi.SqlExceptionHelper   : SQL Error: 23502, SQLState: 23502
2026-06-19T03:49:28.166-04:00 ERROR 53032 --- [           main] o.h.engine.jdbc.spi.SqlExceptionHelper   : La columna "FECHA" no permite valores nulos (NULL)
NULL not allowed for column "FECHA"; SQL statement:
insert into venta (fecha,usuario_id,id) values (?,?,default) [23502-232]
2026-06-19T03:49:28.169-04:00  WARN 53032 --- [           main] c.m.exception.GlobalExceptionHandler     : Violación de integridad de datos: could not execute statement [La columna "FECHA" no permite valores nulos (NULL)
NULL not allowed for column "FECHA"; SQL statement:
insert into venta (fecha,usuario_id,id) values (?,?,default) [23502-232]] [insert into venta (fecha,usuario_id,id) values (?,?,default)]; SQL [insert into venta (fecha,usuario_id,id) values (?,?,default)]; constraint [null]
]]></system-out>
  </testcase>
  <testcase name="enforcesRoleBasedAccess(RbacScenario)[41]" classname="com.minimarket.security.SecurityRbacIntegrationTest" time="0.033">
    <system-out><![CDATA[2026-06-19T03:49:28.202-04:00  WARN 53032 --- [           main] o.h.engine.jdbc.spi.SqlExceptionHelper   : SQL Error: 23502, SQLState: 23502
2026-06-19T03:49:28.202-04:00 ERROR 53032 --- [           main] o.h.engine.jdbc.spi.SqlExceptionHelper   : La columna "FECHA" no permite valores nulos (NULL)
NULL not allowed for column "FECHA"; SQL statement:
insert into venta (fecha,usuario_id,id) values (?,?,default) [23502-232]
2026-06-19T03:49:28.204-04:00  WARN 53032 --- [           main] c.m.exception.GlobalExceptionHandler     : Violación de integridad de datos: could not execute statement [La columna "FECHA" no permite valores nulos (NULL)
NULL not allowed for column "FECHA"; SQL statement:
insert into venta (fecha,usuario_id,id) values (?,?,default) [23502-232]] [insert into venta (fecha,usuario_id,id) values (?,?,default)]; SQL [insert into venta (fecha,usuario_id,id) values (?,?,default)]; constraint [null]
]]></system-out>
  </testcase>
  <testcase name="enforcesRoleBasedAccess(RbacScenario)[42]" classname="com.minimarket.security.SecurityRbacIntegrationTest" time="0.066">
    <system-out><![CDATA[2026-06-19T03:49:28.221-04:00  WARN 53032 --- [           main] c.m.security.audit.SecurityAuditHandler  : Intento de acceso no autenticado - IP: 127.0.0.1, URI: /api/usuarios
]]></system-out>
  </testcase>
  <testcase name="enforcesRoleBasedAccess(RbacScenario)[43]" classname="com.minimarket.security.SecurityRbacIntegrationTest" time="0.046">
    <system-out><![CDATA[2026-06-19T03:49:28.326-04:00  WARN 53032 --- [           main] c.m.security.audit.SecurityAuditHandler  : Acceso denegado - usuario: cliente, IP: 127.0.0.1, URI: /api/usuarios
]]></system-out>
  </testcase>
  <testcase name="enforcesRoleBasedAccess(RbacScenario)[44]" classname="com.minimarket.security.SecurityRbacIntegrationTest" time="0.018">
    <system-out><![CDATA[2026-06-19T03:49:28.343-04:00  WARN 53032 --- [           main] c.m.security.audit.SecurityAuditHandler  : Acceso denegado - usuario: gerente, IP: 127.0.0.1, URI: /api/usuarios
]]></system-out>
  </testcase>
  <testcase name="enforcesRoleBasedAccess(RbacScenario)[45]" classname="com.minimarket.security.SecurityRbacIntegrationTest" time="0.043"/>
  <testcase name="enforcesRoleBasedAccess(RbacScenario)[46]" classname="com.minimarket.security.SecurityRbacIntegrationTest" time="0.01"/>
  <testcase name="enforcesRoleBasedAccess(RbacScenario)[47]" classname="com.minimarket.security.SecurityRbacIntegrationTest" time="0.016"/>
</testsuite>